<?xml version="1.0" encoding="UTF-8"?>
<testng-results ignored="0" total="2" passed="1" failed="1" skipped="0">
  <reporter-output>
  </reporter-output>
  <suite started-at="2024-09-03T07:58:21 IST" name="Grouping" finished-at="2024-09-03T07:58:34 IST" duration-ms="12245">
    <groups>
      <group name="smoke">
        <method signature="LoginPageTestCase.verifyEnterValidUsernameandPasswordField(java.lang.String,java.lang.String)[pri:1, instance:testscript.LoginPageTestCase@4c583ecf]" name="verifyEnterValidUsernameandPasswordField" class="testscript.LoginPageTestCase"/>
      </group> <!-- smoke -->
    </groups>
    <test started-at="2024-09-03T07:58:21 IST" name="grouping" finished-at="2024-09-03T07:58:34 IST" duration-ms="12245">
      <class name="testscript.LoginPageTestCase">
        <test-method is-config="true" signature="initiliseMethod(java.lang.String)[pri:0, instance:testscript.LoginPageTestCase@4c583ecf]" started-at="2024-09-03T07:58:21 IST" name="initiliseMethod" finished-at="2024-09-03T07:58:30 IST" duration-ms="8876" status="PASS">
          <params>
            <param index="0">
              <value>
                <![CDATA[Chrome]]>
              </value>
            </param>
          </params>
          <reporter-output>
          </reporter-output>
        </test-method> <!-- initiliseMethod -->
        <test-method signature="verifyEnterValidUsernameandPasswordField(java.lang.String,java.lang.String)[pri:1, instance:testscript.LoginPageTestCase@4c583ecf]" started-at="2024-09-03T07:58:30 IST" name="verifyEnterValidUsernameandPasswordField" data-provider="credentials" finished-at="2024-09-03T07:58:31 IST" duration-ms="933" status="PASS">
          <params>
            <param index="0">
              <value>
                <![CDATA[admin]]>
              </value>
            </param>
            <param index="1">
              <value>
                <![CDATA[admin]]>
              </value>
            </param>
          </params>
          <reporter-output>
          </reporter-output>
        </test-method> <!-- verifyEnterValidUsernameandPasswordField -->
        <test-method is-config="true" signature="initiliseMethod(java.lang.String)[pri:0, instance:testscript.LoginPageTestCase@4c583ecf]" started-at="2024-09-03T07:58:31 IST" name="initiliseMethod" finished-at="2024-09-03T07:58:33 IST" duration-ms="2324" status="PASS">
          <params>
            <param index="0">
              <value>
                <![CDATA[Chrome]]>
              </value>
            </param>
          </params>
          <reporter-output>
          </reporter-output>
        </test-method> <!-- initiliseMethod -->
        <test-method signature="verifyEnterValidUsernameandPasswordField(java.lang.String,java.lang.String)[pri:1, instance:testscript.LoginPageTestCase@4c583ecf]" started-at="2024-09-03T07:58:33 IST" name="verifyEnterValidUsernameandPasswordField" data-provider="credentials" finished-at="2024-09-03T07:58:34 IST" duration-ms="30" status="FAIL">
          <params>
            <param index="0">
              <value is-null="true"/>
            </param>
            <param index="1">
              <value is-null="true"/>
            </param>
          </params>
          <exception class="java.lang.IllegalArgumentException">
            <message>
              <![CDATA[Keys to send should be a not null CharSequence]]>
            </message>
            <full-stacktrace>
              <![CDATA[java.lang.IllegalArgumentException: Keys to send should be a not null CharSequence
at org.openqa.selenium.remote.RemoteWebElement.sendKeys(RemoteWebElement.java:96)
at java.base/jdk.internal.reflect.NativeMethodAccessorImpl.invoke0(Native Method)
at java.base/jdk.internal.reflect.NativeMethodAccessorImpl.invoke(NativeMethodAccessorImpl.java:77)
at java.base/jdk.internal.reflect.DelegatingMethodAccessorImpl.invoke(DelegatingMethodAccessorImpl.java:43)
at java.base/java.lang.reflect.Method.invoke(Method.java:568)
at org.openqa.selenium.support.pagefactory.internal.LocatingElementHandler.invoke(LocatingElementHandler.java:51)
at jdk.proxy2/jdk.proxy2.$Proxy14.sendKeys(Unknown Source)
at pages.LoginClass.enterusername(LoginClass.java:32)
at testscript.LoginPageTestCase.verifyEnterValidUsernameandPasswordField(LoginPageTestCase.java:40)
at java.base/jdk.internal.reflect.NativeMethodAccessorImpl.invoke0(Native Method)
at java.base/jdk.internal.reflect.NativeMethodAccessorImpl.invoke(NativeMethodAccessorImpl.java:77)
at java.base/jdk.internal.reflect.DelegatingMethodAccessorImpl.invoke(DelegatingMethodAccessorImpl.java:43)
at java.base/java.lang.reflect.Method.invoke(Method.java:568)
at org.testng.internal.invokers.MethodInvocationHelper.invokeMethod(MethodInvocationHelper.java:139)
at org.testng.internal.invokers.TestInvoker.invokeMethod(TestInvoker.java:664)
at org.testng.internal.invokers.TestInvoker.invokeTestMethod(TestInvoker.java:228)
at org.testng.internal.invokers.MethodRunner.runInSequence(MethodRunner.java:63)
at org.testng.internal.invokers.TestInvoker$MethodInvocationAgent.invoke(TestInvoker.java:961)
at org.testng.internal.invokers.TestInvoker.invokeTestMethods(TestInvoker.java:201)
at org.testng.internal.invokers.TestMethodWorker.invokeTestMethods(TestMethodWorker.java:148)
at org.testng.internal.invokers.TestMethodWorker.run(TestMethodWorker.java:128)
at java.base/java.util.ArrayList.forEach(ArrayList.java:1511)
at org.testng.TestRunner.privateRun(TestRunner.java:819)
at org.testng.TestRunner.run(TestRunner.java:619)
at org.testng.SuiteRunner.runTest(SuiteRunner.java:443)
at org.testng.SuiteRunner.runSequentially(SuiteRunner.java:437)
at org.testng.SuiteRunner.privateRun(SuiteRunner.java:397)
at org.testng.SuiteRunner.run(SuiteRunner.java:336)
at org.testng.SuiteRunnerWorker.runSuite(SuiteRunnerWorker.java:52)
at org.testng.SuiteRunnerWorker.run(SuiteRunnerWorker.java:95)
at org.testng.TestNG.runSuitesSequentially(TestNG.java:1301)
at org.testng.TestNG.runSuitesLocally(TestNG.java:1228)
at org.testng.TestNG.runSuites(TestNG.java:1134)
at org.testng.TestNG.run(TestNG.java:1101)
at org.testng.remote.AbstractRemoteTestNG.run(AbstractRemoteTestNG.java:115)
at org.testng.remote.RemoteTestNG.initAndRun(RemoteTestNG.java:293)
at org.testng.remote.RemoteTestNG.main(RemoteTestNG.java:91)
]]>
            </full-stacktrace>
          </exception> <!-- java.lang.IllegalArgumentException -->
          <reporter-output>
          </reporter-output>
        </test-method> <!-- verifyEnterValidUsernameandPasswordField -->
      </class> <!-- testscript.LoginPageTestCase -->
    </test> <!-- grouping -->
  </suite> <!-- Grouping -->
</testng-results>
