<?xml version="1.0" encoding="UTF-8"?>
<!-- Generated by org.testng.reporters.JUnitXMLReporter -->
<testsuite ignored="3" hostname="DESKTOP-7GFC154" failures="0" tests="1" name="Default test" time="4.792" errors="0" timestamp="2024-08-26T07:44:09 IST">
  <testcase classname="testscript.LoginPageTestCase" name="verifyInvalidUsernamePassword" time="2.11"/>
  <testcase classname="testscript.LoginPageTestCase" name="verifyInvalidUsernameValidpassword" time="0.0">
    <ignored/>
  </testcase> <!-- verifyInvalidUsernameValidpassword -->
  <testcase classname="testscript.LoginPageTestCase" name="verifyEnterValidUsernameandPasswordField" time="0.0">
    <ignored/>
  </testcase> <!-- verifyEnterValidUsernameandPasswordField -->
  <testcase classname="testscript.LoginPageTestCase" name="verifyValidUsernameInvalidPassword" time="0.0">
    <ignored/>
  </testcase> <!-- verifyValidUsernameInvalidPassword -->
</testsuite> <!-- Default test -->
