<?xml version="1.0" encoding="UTF-8"?>
<!-- Generated by org.testng.reporters.JUnitXMLReporter -->
<testsuite ignored="3" hostname="DESKTOP-7GFC154" failures="0" tests="1" name="LiveProjectmar" time="3.922" errors="0" timestamp="2024-08-23T07:42:46 IST">
  <testcase classname="testscript.LoginPageTestCase" name="verifyEnterValidUsernameandPasswordField" time="1.327"/>
  <testcase classname="testscript.LoginPageTestCase" name="verifyInvalidUsernamePassword" time="0.0">
    <ignored/>
  </testcase> <!-- verifyInvalidUsernamePassword -->
  <testcase classname="testscript.LoginPageTestCase" name="verifyValidUsernameInvalidPassword" time="0.0">
    <ignored/>
  </testcase> <!-- verifyValidUsernameInvalidPassword -->
  <testcase classname="testscript.LoginPageTestCase" name="verifyInvalidUsernameValidpassword" time="0.0">
    <ignored/>
  </testcase> <!-- verifyInvalidUsernameValidpassword -->
</testsuite> <!-- LiveProjectmar -->
